<?xml version="1.0" encoding="UTF-8"?>
<robot generator="Robot 6.0.2 (Python 3.11.4 on win32)" generated="20230609 14:09:33.120" rpa="false" schemaversion="3">
<suite id="s1" name="Demo String &amp; Login Fail &amp; Hello &amp; Rd">
<suite id="s1-s1" name="Demo String" source="D:\Robot\Demo_String.robot">
<test id="s1-s1-t1" name="Try to split data" line="10">
<kw name="Split String" library="String">
<var>@{words}</var>
<arg>${result}</arg>
<arg>${SPACE}</arg>
<arg>max_split=3</arg>
<doc>Splits the ``string`` using ``separator`` as a delimiter string.</doc>
<msg timestamp="20230609 14:09:33.158" level="INFO">@{words} = [ ผลการค้นหาประมาณ | 67,400,000 | รายการ | (0.32 วินาที) ]</msg>
<status status="PASS" starttime="20230609 14:09:33.157" endtime="20230609 14:09:33.158"/>
</kw>
<kw name="Log To Console" library="BuiltIn">
<arg>${words[0]}</arg>
<doc>Logs the given message to the console.</doc>
<status status="PASS" starttime="20230609 14:09:33.158" endtime="20230609 14:09:33.159"/>
</kw>
<kw name="Log To Console" library="BuiltIn">
<arg>${words[1]}</arg>
<doc>Logs the given message to the console.</doc>
<status status="PASS" starttime="20230609 14:09:33.159" endtime="20230609 14:09:33.160"/>
</kw>
<kw name="Log To Console" library="BuiltIn">
<arg>${words[2]}</arg>
<doc>Logs the given message to the console.</doc>
<status status="PASS" starttime="20230609 14:09:33.161" endtime="20230609 14:09:33.161"/>
</kw>
<kw name="Log To Console" library="BuiltIn">
<arg>${words[3]}</arg>
<doc>Logs the given message to the console.</doc>
<status status="PASS" starttime="20230609 14:09:33.162" endtime="20230609 14:09:33.162"/>
</kw>
<kw name="Should Be Equal" library="BuiltIn">
<arg>${words[0]}</arg>
<arg>ผลการค้นหาประมาณ</arg>
<doc>Fails if the given objects are unequal.</doc>
<status status="PASS" starttime="20230609 14:09:33.162" endtime="20230609 14:09:33.163"/>
</kw>
<kw name="Should Be Equal" library="BuiltIn">
<arg>${words[2]}</arg>
<arg>รายการ</arg>
<doc>Fails if the given objects are unequal.</doc>
<status status="PASS" starttime="20230609 14:09:33.163" endtime="20230609 14:09:33.163"/>
</kw>
<kw name="Should End With" library="BuiltIn">
<arg>${words[0]}</arg>
<arg>ณ</arg>
<doc>Fails if the string ``str1`` does not end with the string ``str2``.</doc>
<status status="PASS" starttime="20230609 14:09:33.164" endtime="20230609 14:09:33.164"/>
</kw>
<status status="PASS" starttime="20230609 14:09:33.156" endtime="20230609 14:09:33.164"/>
</test>
<status status="PASS" starttime="20230609 14:09:33.136" endtime="20230609 14:09:33.165"/>
</suite>
<suite id="s1-s2" name="Login Fail" source="D:\Robot\Login_Fail.robot">
<test id="s1-s2-t1" name="Login fail with wrong password" line="6">
<kw name="Go to login page">
<kw name="Open Browser" library="SeleniumLibrary">
<arg>https://demo-login-workshop.vercel.app/</arg>
<arg>browser=gc</arg>
<arg>options=add_experimental_option("detach", True)</arg>
<doc>Opens a new browser instance to the optional ``url``.</doc>
<msg timestamp="20230609 14:09:33.302" level="INFO">Opening browser 'gc' to base url 'https://demo-login-workshop.vercel.app/'.</msg>
<msg timestamp="20230609 14:09:33.312" level="INFO">Executing: C:\Users\Administrator\AppData\Local\Programs\Python\Python311\Lib\site-packages\selenium\webdriver\common\windows\selenium-manager.exe --browser chrome --output json</msg>
<status status="PASS" starttime="20230609 14:09:33.302" endtime="20230609 14:09:34.689"/>
</kw>
<kw name="Maximize Browser Window" library="SeleniumLibrary">
<doc>Maximizes current browser window.</doc>
<status status="PASS" starttime="20230609 14:09:34.690" endtime="20230609 14:09:34.804"/>
</kw>
<status status="PASS" starttime="20230609 14:09:33.302" endtime="20230609 14:09:34.805"/>
</kw>
<kw name="Input user=demo and password=mode2" sourcename="Input user=${username} and password=${password}">
<kw name="Input Text" library="SeleniumLibrary">
<arg>id:username_field</arg>
<arg>${username}</arg>
<doc>Types the given ``text`` into the text field identified by ``locator``.</doc>
<msg timestamp="20230609 14:09:34.806" level="INFO">Typing text 'demo' into text field 'id:username_field'.</msg>
<status status="PASS" starttime="20230609 14:09:34.805" endtime="20230609 14:09:34.877"/>
</kw>
<kw name="Input Text" library="SeleniumLibrary">
<arg>id:password_field</arg>
<arg>${password}</arg>
<doc>Types the given ``text`` into the text field identified by ``locator``.</doc>
<msg timestamp="20230609 14:09:34.878" level="INFO">Typing text 'mode2' into text field 'id:password_field'.</msg>
<status status="PASS" starttime="20230609 14:09:34.878" endtime="20230609 14:09:34.922"/>
</kw>
<kw name="Click Element" library="SeleniumLibrary">
<arg>id:login_button</arg>
<doc>Click the element identified by ``locator``.</doc>
<msg timestamp="20230609 14:09:34.923" level="INFO">Clicking element 'id:login_button'.</msg>
<status status="PASS" starttime="20230609 14:09:34.922" endtime="20230609 14:09:35.058"/>
</kw>
<status status="PASS" starttime="20230609 14:09:34.805" endtime="20230609 14:09:35.058"/>
</kw>
<kw name="Login result fail and show error">
<kw name="Wait Until Element Contains" library="SeleniumLibrary">
<arg>xpath://*[@id="container"]/h1</arg>
<arg>Error Page</arg>
<doc>Waits until the element ``locator`` contains ``text``.</doc>
<status status="PASS" starttime="20230609 14:09:35.058" endtime="20230609 14:09:35.081"/>
</kw>
<kw name="Element Should Contain" library="SeleniumLibrary">
<arg>xpath://*[@id="container"]/p</arg>
<arg>Login failed. Invalid user name and/or password.</arg>
<doc>Verifies that element ``locator`` contains text ``expected``.</doc>
<msg timestamp="20230609 14:09:35.092" level="INFO">Element 'xpath://*[@id="container"]/p' contains text 'Login failed. Invalid user name and/or password.'.</msg>
<status status="PASS" starttime="20230609 14:09:35.081" endtime="20230609 14:09:35.092"/>
</kw>
<status status="PASS" starttime="20230609 14:09:35.058" endtime="20230609 14:09:35.092"/>
</kw>
<tag>done</tag>
<tag>feature1</tag>
<status status="PASS" starttime="20230609 14:09:33.299" endtime="20230609 14:09:35.093"/>
</test>
<test id="s1-s2-t2" name="Login fail with wrong password" line="12">
<kw name="Go to login page">
<kw name="Open Browser" library="SeleniumLibrary">
<arg>https://demo-login-workshop.vercel.app/</arg>
<arg>browser=gc</arg>
<arg>options=add_experimental_option("detach", True)</arg>
<doc>Opens a new browser instance to the optional ``url``.</doc>
<msg timestamp="20230609 14:09:35.095" level="INFO">Opening browser 'gc' to base url 'https://demo-login-workshop.vercel.app/'.</msg>
<msg timestamp="20230609 14:09:35.102" level="INFO">Executing: C:\Users\Administrator\AppData\Local\Programs\Python\Python311\Lib\site-packages\selenium\webdriver\common\windows\selenium-manager.exe --browser chrome --output json</msg>
<status status="PASS" starttime="20230609 14:09:35.095" endtime="20230609 14:09:36.447"/>
</kw>
<kw name="Maximize Browser Window" library="SeleniumLibrary">
<doc>Maximizes current browser window.</doc>
<status status="PASS" starttime="20230609 14:09:36.448" endtime="20230609 14:09:36.557"/>
</kw>
<status status="PASS" starttime="20230609 14:09:35.095" endtime="20230609 14:09:36.557"/>
</kw>
<kw name="Input user=demo2 and password=mode" sourcename="Input user=${username} and password=${password}">
<kw name="Input Text" library="SeleniumLibrary">
<arg>id:username_field</arg>
<arg>${username}</arg>
<doc>Types the given ``text`` into the text field identified by ``locator``.</doc>
<msg timestamp="20230609 14:09:36.557" level="INFO">Typing text 'demo2' into text field 'id:username_field'.</msg>
<status status="PASS" starttime="20230609 14:09:36.557" endtime="20230609 14:09:36.633"/>
</kw>
<kw name="Input Text" library="SeleniumLibrary">
<arg>id:password_field</arg>
<arg>${password}</arg>
<doc>Types the given ``text`` into the text field identified by ``locator``.</doc>
<msg timestamp="20230609 14:09:36.634" level="INFO">Typing text 'mode' into text field 'id:password_field'.</msg>
<status status="PASS" starttime="20230609 14:09:36.633" endtime="20230609 14:09:36.680"/>
</kw>
<kw name="Click Element" library="SeleniumLibrary">
<arg>id:login_button</arg>
<doc>Click the element identified by ``locator``.</doc>
<msg timestamp="20230609 14:09:36.680" level="INFO">Clicking element 'id:login_button'.</msg>
<status status="PASS" starttime="20230609 14:09:36.680" endtime="20230609 14:09:36.813"/>
</kw>
<status status="PASS" starttime="20230609 14:09:36.557" endtime="20230609 14:09:36.814"/>
</kw>
<kw name="Login result fail and show error">
<kw name="Wait Until Element Contains" library="SeleniumLibrary">
<arg>xpath://*[@id="container"]/h1</arg>
<arg>Error Page</arg>
<doc>Waits until the element ``locator`` contains ``text``.</doc>
<status status="PASS" starttime="20230609 14:09:36.814" endtime="20230609 14:09:36.836"/>
</kw>
<kw name="Element Should Contain" library="SeleniumLibrary">
<arg>xpath://*[@id="container"]/p</arg>
<arg>Login failed. Invalid user name and/or password.</arg>
<doc>Verifies that element ``locator`` contains text ``expected``.</doc>
<msg timestamp="20230609 14:09:36.848" level="INFO">Element 'xpath://*[@id="container"]/p' contains text 'Login failed. Invalid user name and/or password.'.</msg>
<status status="PASS" starttime="20230609 14:09:36.836" endtime="20230609 14:09:36.848"/>
</kw>
<status status="PASS" starttime="20230609 14:09:36.814" endtime="20230609 14:09:36.848"/>
</kw>
<tag>feature1</tag>
<tag>testing</tag>
<status status="PASS" starttime="20230609 14:09:35.094" endtime="20230609 14:09:36.849"/>
</test>
<test id="s1-s2-t3" name="Login fail with wrong password" line="18">
<kw name="Go to login page">
<kw name="Open Browser" library="SeleniumLibrary">
<arg>https://demo-login-workshop.vercel.app/</arg>
<arg>browser=gc</arg>
<arg>options=add_experimental_option("detach", True)</arg>
<doc>Opens a new browser instance to the optional ``url``.</doc>
<msg timestamp="20230609 14:09:36.851" level="INFO">Opening browser 'gc' to base url 'https://demo-login-workshop.vercel.app/'.</msg>
<msg timestamp="20230609 14:09:36.858" level="INFO">Executing: C:\Users\Administrator\AppData\Local\Programs\Python\Python311\Lib\site-packages\selenium\webdriver\common\windows\selenium-manager.exe --browser chrome --output json</msg>
<status status="PASS" starttime="20230609 14:09:36.850" endtime="20230609 14:09:38.167"/>
</kw>
<kw name="Maximize Browser Window" library="SeleniumLibrary">
<doc>Maximizes current browser window.</doc>
<status status="PASS" starttime="20230609 14:09:38.168" endtime="20230609 14:09:38.283"/>
</kw>
<status status="PASS" starttime="20230609 14:09:36.850" endtime="20230609 14:09:38.283"/>
</kw>
<kw name="Input">
<arg>demo2</arg>
<arg>mode2</arg>
<kw name="Input Text" library="SeleniumLibrary">
<arg>id:username_field</arg>
<arg>${username}</arg>
<doc>Types the given ``text`` into the text field identified by ``locator``.</doc>
<msg timestamp="20230609 14:09:38.283" level="INFO">Typing text 'demo2' into text field 'id:username_field'.</msg>
<status status="PASS" starttime="20230609 14:09:38.283" endtime="20230609 14:09:38.361"/>
</kw>
<kw name="Input Text" library="SeleniumLibrary">
<arg>id:password_field</arg>
<arg>${password}</arg>
<doc>Types the given ``text`` into the text field identified by ``locator``.</doc>
<msg timestamp="20230609 14:09:38.361" level="INFO">Typing text 'mode2' into text field 'id:password_field'.</msg>
<status status="PASS" starttime="20230609 14:09:38.361" endtime="20230609 14:09:38.405"/>
</kw>
<kw name="Click Element" library="SeleniumLibrary">
<arg>id:login_button</arg>
<doc>Click the element identified by ``locator``.</doc>
<msg timestamp="20230609 14:09:38.405" level="INFO">Clicking element 'id:login_button'.</msg>
<status status="PASS" starttime="20230609 14:09:38.405" endtime="20230609 14:09:38.542"/>
</kw>
<status status="PASS" starttime="20230609 14:09:38.283" endtime="20230609 14:09:38.542"/>
</kw>
<kw name="Login result fail and show error">
<kw name="Wait Until Element Contains" library="SeleniumLibrary">
<arg>xpath://*[@id="container"]/h1</arg>
<arg>Error Page</arg>
<doc>Waits until the element ``locator`` contains ``text``.</doc>
<status status="PASS" starttime="20230609 14:09:38.543" endtime="20230609 14:09:38.565"/>
</kw>
<kw name="Element Should Contain" library="SeleniumLibrary">
<arg>xpath://*[@id="container"]/p</arg>
<arg>Login failed. Invalid user name and/or password.</arg>
<doc>Verifies that element ``locator`` contains text ``expected``.</doc>
<msg timestamp="20230609 14:09:38.577" level="INFO">Element 'xpath://*[@id="container"]/p' contains text 'Login failed. Invalid user name and/or password.'.</msg>
<status status="PASS" starttime="20230609 14:09:38.565" endtime="20230609 14:09:38.577"/>
</kw>
<status status="PASS" starttime="20230609 14:09:38.542" endtime="20230609 14:09:38.577"/>
</kw>
<tag>done</tag>
<tag>feature1</tag>
<status status="PASS" starttime="20230609 14:09:36.850" endtime="20230609 14:09:38.577"/>
</test>
<status status="PASS" starttime="20230609 14:09:33.166" endtime="20230609 14:09:38.578"/>
</suite>
<suite id="s1-s3" name="Hello" source="D:\Robot\hello.robot">
<test id="s1-s3-t1" name="Success with search in google with keyword=hello" line="11">
<kw name="Go to google.com">
<kw name="Open Browser" library="SeleniumLibrary">
<arg>chrome://newtab/</arg>
<arg>browser=${TARGET}</arg>
<arg>options=add_experimental_option("detach", True)</arg>
<doc>Opens a new browser instance to the optional ``url``.</doc>
<msg timestamp="20230609 14:09:38.583" level="INFO">Opening browser 'chrome' to base url 'chrome://newtab/'.</msg>
<msg timestamp="20230609 14:09:38.590" level="INFO">Executing: C:\Users\Administrator\AppData\Local\Programs\Python\Python311\Lib\site-packages\selenium\webdriver\common\windows\selenium-manager.exe --browser chrome --output json</msg>
<status status="PASS" starttime="20230609 14:09:38.583" endtime="20230609 14:09:39.810"/>
</kw>
<kw name="Go To" library="SeleniumLibrary">
<arg>${URL}</arg>
<doc>Navigates the current browser window to the provided ``url``.</doc>
<msg timestamp="20230609 14:09:39.811" level="INFO">Opening url 'https://www.google.com/'</msg>
<status status="PASS" starttime="20230609 14:09:39.811" endtime="20230609 14:09:40.529"/>
</kw>
<kw name="Maximize Browser Window" library="SeleniumLibrary">
<doc>Maximizes current browser window.</doc>
<status status="PASS" starttime="20230609 14:09:40.529" endtime="20230609 14:09:40.636"/>
</kw>
<status status="PASS" starttime="20230609 14:09:38.582" endtime="20230609 14:09:40.636"/>
</kw>
<kw name="Search with keyword=hello">
<kw name="Input Text" library="SeleniumLibrary">
<arg>name:q</arg>
<arg>hello</arg>
<doc>Types the given ``text`` into the text field identified by ``locator``.</doc>
<msg timestamp="20230609 14:09:40.637" level="INFO">Typing text 'hello' into text field 'name:q'.</msg>
<status status="PASS" starttime="20230609 14:09:40.636" endtime="20230609 14:09:40.703"/>
</kw>
<kw name="Press Keys" library="SeleniumLibrary">
<arg>name:q</arg>
<arg>RETURN</arg>
<doc>Simulates the user pressing key(s) to an element or on the active browser.</doc>
<msg timestamp="20230609 14:09:40.703" level="INFO">Sending key(s) ('RETURN',) to name:q element.</msg>
<msg timestamp="20230609 14:09:40.988" level="INFO">Pressing special key RETURN to element.</msg>
<msg timestamp="20230609 14:09:40.988" level="INFO">Releasing special key RETURN.</msg>
<status status="PASS" starttime="20230609 14:09:40.703" endtime="20230609 14:09:41.143"/>
</kw>
<status status="PASS" starttime="20230609 14:09:40.636" endtime="20230609 14:09:41.143"/>
</kw>
<kw name="Found result with hello">
<kw name="Wait Until Page Contains" library="SeleniumLibrary">
<arg>hello</arg>
<doc>Waits until ``text`` appears on the current page.</doc>
<status status="PASS" starttime="20230609 14:09:41.144" endtime="20230609 14:09:43.297"/>
</kw>
<kw name="Get Text" library="SeleniumLibrary">
<var>${result}</var>
<arg>id:result-stats</arg>
<doc>Returns the text value of the element identified by ``locator``.</doc>
<msg timestamp="20230609 14:09:43.310" level="INFO">${result} = ผลการค้นหาประมาณ 5,570,000,000 รายการ (0.45 วินาที) </msg>
<status status="PASS" starttime="20230609 14:09:43.297" endtime="20230609 14:09:43.310"/>
</kw>
<kw name="Log To Console" library="BuiltIn">
<arg>${result}</arg>
<doc>Logs the given message to the console.</doc>
<status status="PASS" starttime="20230609 14:09:43.310" endtime="20230609 14:09:43.310"/>
</kw>
<status status="PASS" starttime="20230609 14:09:41.144" endtime="20230609 14:09:43.310"/>
</kw>
<status status="PASS" starttime="20230609 14:09:38.582" endtime="20230609 14:09:43.310"/>
</test>
<status status="PASS" starttime="20230609 14:09:38.579" endtime="20230609 14:09:43.318"/>
</suite>
<suite id="s1-s4" name="Rd" source="D:\Robot\rd.robot">
<test id="s1-s4-t1" name="Flow การยื่นแบบภาษี" line="11">
<kw name="Go to efilling Page">
<kw name="Open Browser" library="SeleniumLibrary">
<arg>chrome://newtab/</arg>
<arg>browser=${TARGET}</arg>
<arg>options=add_experimental_option("detach", True)</arg>
<doc>Opens a new browser instance to the optional ``url``.</doc>
<msg timestamp="20230609 14:09:43.325" level="INFO">Opening browser 'chrome' to base url 'chrome://newtab/'.</msg>
<msg timestamp="20230609 14:09:43.326" level="INFO">Executing: C:\Users\Administrator\AppData\Local\Programs\Python\Python311\Lib\site-packages\selenium\webdriver\common\windows\selenium-manager.exe --browser chrome --output json</msg>
<status status="PASS" starttime="20230609 14:09:43.322" endtime="20230609 14:09:44.577"/>
</kw>
<kw name="Go To" library="SeleniumLibrary">
<arg>${URL}</arg>
<doc>Navigates the current browser window to the provided ``url``.</doc>
<msg timestamp="20230609 14:09:44.578" level="INFO">Opening url 'https://efiling.rd.go.th/rd-cms/'</msg>
<status status="PASS" starttime="20230609 14:09:44.578" endtime="20230609 14:09:45.046"/>
</kw>
<kw name="Maximize Browser Window" library="SeleniumLibrary">
<doc>Maximizes current browser window.</doc>
<status status="PASS" starttime="20230609 14:09:45.046" endtime="20230609 14:09:45.161"/>
</kw>
<status status="PASS" starttime="20230609 14:09:43.322" endtime="20230609 14:09:45.161"/>
</kw>
<kw name="Read information">
<kw name="Wait Until Element Is Visible" library="SeleniumLibrary">
<arg>id:exampleModalLabel</arg>
<doc>Waits until the element ``locator`` is visible.</doc>
<status status="PASS" starttime="20230609 14:09:45.161" endtime="20230609 14:09:45.183"/>
</kw>
<kw name="Click Element" library="SeleniumLibrary">
<arg>xpath=//*[@id="announceModal"]/div/div/div[2]/div/div[2]/span/a</arg>
<doc>Click the element identified by ``locator``.</doc>
<msg timestamp="20230609 14:09:45.184" level="INFO">Clicking element 'xpath=//*[@id="announceModal"]/div/div/div[2]/div/div[2]/span/a'.</msg>
<status status="PASS" starttime="20230609 14:09:45.183" endtime="20230609 14:09:45.234"/>
</kw>
<status status="PASS" starttime="20230609 14:09:45.161" endtime="20230609 14:09:45.235"/>
</kw>
<kw name="View service detail">
<kw name="Switch Window" library="SeleniumLibrary">
<arg>NEW</arg>
<doc>Switches to browser window matching ``locator``.</doc>
<status status="PASS" starttime="20230609 14:09:45.235" endtime="20230609 14:09:45.244"/>
</kw>
<kw name="Wait Until Element Contains" library="SeleniumLibrary">
<arg>xpath=//div/div[2]/h4[3]</arg>
<arg>ช่วงเวลาการให้บริการของแต่ละช่องทาง</arg>
<doc>Waits until the element ``locator`` contains ``text``.</doc>
<msg timestamp="20230609 14:10:13.665" level="WARN">Keyword 'Capture Page Screenshot' could not be run on failure: Message: no such window: target window already closed
from unknown error: web view not found
  (Session info: chrome=114.0.5735.110)
Stacktrace:
Backtrace:
	GetHandleVerifier [0x002FA813+48355]
	(No symbol) [0x0028C4B1]
	(No symbol) [0x00195358]
	(No symbol) [0x0017D293]
	(No symbol) [0x001DE37B]
	(No symbol) [0x001EC473]
	(No symbol) [0x001DA536]
	(No symbol) [0x001B82DC]
	(No symbol) [0x001B93DD]
	GetHandleVerifier [0x0055AABD+2539405]
	GetHandleVerifier [0x0059A78F+2800735]
	GetHandleVerifier [0x0059456C+2775612]
	GetHandleVerifier [0x003851E0+616112]
	(No symbol) [0x00295F8C]
	(No symbol) [0x00292328]
	(No symbol) [0x0029240B]
	(No symbol) [0x00284FF7]
	BaseThreadInitThunk [0x759E00F9+25]
	RtlGetAppContainerNamedObjectPath [0x775F7BBE+286]
	RtlGetAppContainerNamedObjectPath [0x775F7B8E+238]
	(No symbol) [0x00000000]
</msg>
<msg timestamp="20230609 14:10:13.673" level="FAIL">Element with locator 'xpath=//div/div[2]/h4[3]' not found.</msg>
<status status="FAIL" starttime="20230609 14:09:45.244" endtime="20230609 14:10:13.675"/>
</kw>
<status status="FAIL" starttime="20230609 14:09:45.235" endtime="20230609 14:10:13.675"/>
</kw>
<kw name="Start e-filling process">
<status status="NOT RUN" starttime="20230609 14:10:13.676" endtime="20230609 14:10:13.677"/>
</kw>
<status status="FAIL" starttime="20230609 14:09:43.322" endtime="20230609 14:10:13.677">Element with locator 'xpath=//div/div[2]/h4[3]' not found.</status>
</test>
<status status="FAIL" starttime="20230609 14:09:43.319" endtime="20230609 14:10:13.679"/>
</suite>
<status status="FAIL" starttime="20230609 14:09:33.120" endtime="20230609 14:10:13.680"/>
</suite>
<statistics>
<total>
<stat pass="5" fail="1" skip="0">All Tests</stat>
</total>
<tag>
<stat pass="2" fail="0" skip="0">done</stat>
<stat pass="3" fail="0" skip="0">feature1</stat>
<stat pass="1" fail="0" skip="0">testing</stat>
</tag>
<suite>
<stat pass="5" fail="1" skip="0" id="s1" name="Demo String &amp; Login Fail &amp; Hello &amp; Rd">Demo String &amp; Login Fail &amp; Hello &amp; Rd</stat>
<stat pass="1" fail="0" skip="0" id="s1-s1" name="Demo String">Demo String &amp; Login Fail &amp; Hello &amp; Rd.Demo String</stat>
<stat pass="3" fail="0" skip="0" id="s1-s2" name="Login Fail">Demo String &amp; Login Fail &amp; Hello &amp; Rd.Login Fail</stat>
<stat pass="1" fail="0" skip="0" id="s1-s3" name="Hello">Demo String &amp; Login Fail &amp; Hello &amp; Rd.Hello</stat>
<stat pass="0" fail="1" skip="0" id="s1-s4" name="Rd">Demo String &amp; Login Fail &amp; Hello &amp; Rd.Rd</stat>
</suite>
</statistics>
<errors>
<msg timestamp="20230609 14:09:35.094" level="WARN">Multiple tests with name 'Login fail with wrong password' executed in suite 'Demo String &amp; Login Fail &amp; Hello &amp; Rd.Login Fail'.</msg>
<msg timestamp="20230609 14:09:36.849" level="WARN">Multiple tests with name 'Login fail with wrong password' executed in suite 'Demo String &amp; Login Fail &amp; Hello &amp; Rd.Login Fail'.</msg>
<msg timestamp="20230609 14:10:13.665" level="WARN">Keyword 'Capture Page Screenshot' could not be run on failure: Message: no such window: target window already closed
from unknown error: web view not found
  (Session info: chrome=114.0.5735.110)
Stacktrace:
Backtrace:
	GetHandleVerifier [0x002FA813+48355]
	(No symbol) [0x0028C4B1]
	(No symbol) [0x00195358]
	(No symbol) [0x0017D293]
	(No symbol) [0x001DE37B]
	(No symbol) [0x001EC473]
	(No symbol) [0x001DA536]
	(No symbol) [0x001B82DC]
	(No symbol) [0x001B93DD]
	GetHandleVerifier [0x0055AABD+2539405]
	GetHandleVerifier [0x0059A78F+2800735]
	GetHandleVerifier [0x0059456C+2775612]
	GetHandleVerifier [0x003851E0+616112]
	(No symbol) [0x00295F8C]
	(No symbol) [0x00292328]
	(No symbol) [0x0029240B]
	(No symbol) [0x00284FF7]
	BaseThreadInitThunk [0x759E00F9+25]
	RtlGetAppContainerNamedObjectPath [0x775F7BBE+286]
	RtlGetAppContainerNamedObjectPath [0x775F7B8E+238]
	(No symbol) [0x00000000]
</msg>
</errors>
</robot>
