<?xml version="1.0" encoding="UTF-8"?>
<robot generator="Robot 6.0.2 (Python 3.11.4 on win32)" generated="20230609 11:46:49.635" rpa="false" schemaversion="3">
<suite id="s1" name="Login Fail" source="D:\Robot\Login_Fail.robot">
<test id="s1-t1" name="Login fail with wrong password" line="12">
<kw name="Go to login page">
<kw name="Open Browser" library="SeleniumLibrary">
<arg>https://demo-login-workshop.vercel.app/</arg>
<arg>browser=gc</arg>
<arg>options=add_experimental_option("detach", True)</arg>
<doc>Opens a new browser instance to the optional ``url``.</doc>
<msg timestamp="20230609 11:46:49.783" level="INFO">Opening browser 'gc' to base url 'https://demo-login-workshop.vercel.app/'.</msg>
<msg timestamp="20230609 11:46:49.808" level="INFO">Executing: C:\Users\Administrator\AppData\Local\Programs\Python\Python311\Lib\site-packages\selenium\webdriver\common\windows\selenium-manager.exe --browser chrome --output json</msg>
<status status="PASS" starttime="20230609 11:46:49.783" endtime="20230609 11:46:51.151"/>
</kw>
<kw name="Maximize Browser Window" library="SeleniumLibrary">
<doc>Maximizes current browser window.</doc>
<status status="PASS" starttime="20230609 11:46:51.151" endtime="20230609 11:46:51.272"/>
</kw>
<status status="PASS" starttime="20230609 11:46:49.783" endtime="20230609 11:46:51.272"/>
</kw>
<kw name="Input user=demo2 and password=mode" sourcename="Input user=${username} and password=${password}">
<kw name="Input Text" library="SeleniumLibrary">
<arg>id:username_field</arg>
<arg>${username}</arg>
<doc>Types the given ``text`` into the text field identified by ``locator``.</doc>
<msg timestamp="20230609 11:46:51.273" level="INFO">Typing text 'demo2' into text field 'id:username_field'.</msg>
<status status="PASS" starttime="20230609 11:46:51.272" endtime="20230609 11:46:51.350"/>
</kw>
<kw name="Input Text" library="SeleniumLibrary">
<arg>id:password_field</arg>
<arg>${password}</arg>
<doc>Types the given ``text`` into the text field identified by ``locator``.</doc>
<msg timestamp="20230609 11:46:51.350" level="INFO">Typing text 'mode' into text field 'id:password_field'.</msg>
<status status="PASS" starttime="20230609 11:46:51.350" endtime="20230609 11:46:51.399"/>
</kw>
<kw name="Click Element" library="SeleniumLibrary">
<arg>id:login_button</arg>
<doc>Click the element identified by ``locator``.</doc>
<msg timestamp="20230609 11:46:51.399" level="INFO">Clicking element 'id:login_button'.</msg>
<status status="PASS" starttime="20230609 11:46:51.399" endtime="20230609 11:46:51.534"/>
</kw>
<status status="PASS" starttime="20230609 11:46:51.272" endtime="20230609 11:46:51.535"/>
</kw>
<kw name="Login result fail and show error">
<kw name="Wait Until Element Contains" library="SeleniumLibrary">
<arg>xpath://*[@id="container"]/h1</arg>
<arg>Error Page</arg>
<doc>Waits until the element ``locator`` contains ``text``.</doc>
<status status="PASS" starttime="20230609 11:46:51.535" endtime="20230609 11:46:51.557"/>
</kw>
<kw name="Element Should Contain" library="SeleniumLibrary">
<arg>xpath://*[@id="container"]/p</arg>
<arg>Login failed. Invalid user name and/or password.</arg>
<doc>Verifies that element ``locator`` contains text ``expected``.</doc>
<msg timestamp="20230609 11:46:51.569" level="INFO">Element 'xpath://*[@id="container"]/p' contains text 'Login failed. Invalid user name and/or password.'.</msg>
<status status="PASS" starttime="20230609 11:46:51.557" endtime="20230609 11:46:51.569"/>
</kw>
<status status="PASS" starttime="20230609 11:46:51.535" endtime="20230609 11:46:51.569"/>
</kw>
<tag>feature1</tag>
<tag>testing</tag>
<status status="PASS" starttime="20230609 11:46:49.783" endtime="20230609 11:46:51.569"/>
</test>
<status status="PASS" starttime="20230609 11:46:49.650" endtime="20230609 11:46:51.570"/>
</suite>
<statistics>
<total>
<stat pass="1" fail="0" skip="0">All Tests</stat>
</total>
<tag>
<stat pass="1" fail="0" skip="0">feature1</stat>
<stat pass="1" fail="0" skip="0">testing</stat>
</tag>
<suite>
<stat pass="1" fail="0" skip="0" id="s1" name="Login Fail">Login Fail</stat>
</suite>
</statistics>
<errors>
</errors>
</robot>
