<?xml version="1.0" encoding="UTF-8"?>
<robot generator="Robot 6.0.2 (Python 3.11.4 on win32)" generated="20230609 15:01:41.332" rpa="false" schemaversion="3">
<suite id="s1" name="Login Fail 3" source="D:\Robot\New\Login_Fail_3.robot">
<kw name="Go to login" type="SETUP">
<kw name="Open Browser" library="SeleniumLibrary">
<arg>https://demo-login-workshop.vercel.app/</arg>
<arg>browser=gc</arg>
<arg>options=add_experimental_option("detach", True)</arg>
<arg>remote_url=http://167.99.75.45:8080/wd/hub</arg>
<doc>Opens a new browser instance to the optional ``url``.</doc>
<msg timestamp="20230609 15:01:41.469" level="INFO">Opening browser 'gc' to base url 'https://demo-login-workshop.vercel.app/' through remote server at 'http://167.99.75.45:8080/wd/hub'.</msg>
<status status="PASS" starttime="20230609 15:01:41.469" endtime="20230609 15:01:42.204"/>
</kw>
<kw name="Maximize Browser Window" library="SeleniumLibrary">
<doc>Maximizes current browser window.</doc>
<status status="PASS" starttime="20230609 15:01:42.204" endtime="20230609 15:01:42.353"/>
</kw>
<status status="PASS" starttime="20230609 15:01:41.469" endtime="20230609 15:01:42.353"/>
</kw>
<test id="s1-t1" name="Wrong username" line="12">
<kw name="Template for login failed">
<arg>demo2</arg>
<arg>mode</arg>
<kw name="Input user=${username} and password=${password}" sourcename="Input user=${username} and password=${password}">
<kw name="Input Text" library="SeleniumLibrary">
<arg>id:username_field</arg>
<arg>${username}</arg>
<doc>Types the given ``text`` into the text field identified by ``locator``.</doc>
<msg timestamp="20230609 15:01:42.353" level="INFO">Typing text 'demo2' into text field 'id:username_field'.</msg>
<status status="PASS" starttime="20230609 15:01:42.353" endtime="20230609 15:01:42.552"/>
</kw>
<kw name="Input Text" library="SeleniumLibrary">
<arg>id:password_field</arg>
<arg>${password}</arg>
<doc>Types the given ``text`` into the text field identified by ``locator``.</doc>
<msg timestamp="20230609 15:01:42.552" level="INFO">Typing text 'mode' into text field 'id:password_field'.</msg>
<status status="PASS" starttime="20230609 15:01:42.552" endtime="20230609 15:01:42.738"/>
</kw>
<kw name="Click Element" library="SeleniumLibrary">
<arg>id:login_button</arg>
<doc>Click the element identified by ``locator``.</doc>
<msg timestamp="20230609 15:01:42.738" level="INFO">Clicking element 'id:login_button'.</msg>
<status status="PASS" starttime="20230609 15:01:42.738" endtime="20230609 15:01:42.908"/>
</kw>
<status status="PASS" starttime="20230609 15:01:42.353" endtime="20230609 15:01:42.908"/>
</kw>
<kw name="Login result fail and show error">
<kw name="Wait Until Element Contains" library="SeleniumLibrary">
<arg>xpath://*[@id="container"]/h1</arg>
<arg>Error Page</arg>
<doc>Waits until the element ``locator`` contains ``text``.</doc>
<status status="PASS" starttime="20230609 15:01:42.908" endtime="20230609 15:01:43.020"/>
</kw>
<kw name="Element Should Contain" library="SeleniumLibrary">
<arg>xpath://*[@id="container"]/p</arg>
<arg>Login failed. Invalid user name and/or password.</arg>
<doc>Verifies that element ``locator`` contains text ``expected``.</doc>
<msg timestamp="20230609 15:01:43.112" level="INFO">Element 'xpath://*[@id="container"]/p' contains text 'Login failed. Invalid user name and/or password.'.</msg>
<status status="PASS" starttime="20230609 15:01:43.020" endtime="20230609 15:01:43.112"/>
</kw>
<status status="PASS" starttime="20230609 15:01:42.908" endtime="20230609 15:01:43.112"/>
</kw>
<status status="PASS" starttime="20230609 15:01:42.353" endtime="20230609 15:01:43.112"/>
</kw>
<kw name="Back to login" type="TEARDOWN">
<kw name="Go To" library="SeleniumLibrary">
<arg>https://demo-login-workshop.vercel.app/</arg>
<doc>Navigates the current browser window to the provided ``url``.</doc>
<msg timestamp="20230609 15:01:43.128" level="INFO">Opening url 'https://demo-login-workshop.vercel.app/'</msg>
<status status="PASS" starttime="20230609 15:01:43.112" endtime="20230609 15:01:43.194"/>
</kw>
<status status="PASS" starttime="20230609 15:01:43.112" endtime="20230609 15:01:43.194"/>
</kw>
<status status="PASS" starttime="20230609 15:01:42.353" endtime="20230609 15:01:43.194"/>
</test>
<test id="s1-t2" name="Wrong password" line="13">
<kw name="Template for login failed">
<arg>demo</arg>
<arg>mode2</arg>
<kw name="Input user=${username} and password=${password}" sourcename="Input user=${username} and password=${password}">
<kw name="Input Text" library="SeleniumLibrary">
<arg>id:username_field</arg>
<arg>${username}</arg>
<doc>Types the given ``text`` into the text field identified by ``locator``.</doc>
<msg timestamp="20230609 15:01:43.194" level="INFO">Typing text 'demo' into text field 'id:username_field'.</msg>
<status status="PASS" starttime="20230609 15:01:43.194" endtime="20230609 15:01:43.379"/>
</kw>
<kw name="Input Text" library="SeleniumLibrary">
<arg>id:password_field</arg>
<arg>${password}</arg>
<doc>Types the given ``text`` into the text field identified by ``locator``.</doc>
<msg timestamp="20230609 15:01:43.395" level="INFO">Typing text 'mode2' into text field 'id:password_field'.</msg>
<status status="PASS" starttime="20230609 15:01:43.379" endtime="20230609 15:01:43.575"/>
</kw>
<kw name="Click Element" library="SeleniumLibrary">
<arg>id:login_button</arg>
<doc>Click the element identified by ``locator``.</doc>
<msg timestamp="20230609 15:01:43.575" level="INFO">Clicking element 'id:login_button'.</msg>
<status status="PASS" starttime="20230609 15:01:43.575" endtime="20230609 15:01:43.712"/>
</kw>
<status status="PASS" starttime="20230609 15:01:43.194" endtime="20230609 15:01:43.712"/>
</kw>
<kw name="Login result fail and show error">
<kw name="Wait Until Element Contains" library="SeleniumLibrary">
<arg>xpath://*[@id="container"]/h1</arg>
<arg>Error Page</arg>
<doc>Waits until the element ``locator`` contains ``text``.</doc>
<status status="PASS" starttime="20230609 15:01:43.712" endtime="20230609 15:01:43.813"/>
</kw>
<kw name="Element Should Contain" library="SeleniumLibrary">
<arg>xpath://*[@id="container"]/p</arg>
<arg>Login failed. Invalid user name and/or password.</arg>
<doc>Verifies that element ``locator`` contains text ``expected``.</doc>
<msg timestamp="20230609 15:01:43.913" level="INFO">Element 'xpath://*[@id="container"]/p' contains text 'Login failed. Invalid user name and/or password.'.</msg>
<status status="PASS" starttime="20230609 15:01:43.813" endtime="20230609 15:01:43.913"/>
</kw>
<status status="PASS" starttime="20230609 15:01:43.712" endtime="20230609 15:01:43.913"/>
</kw>
<status status="PASS" starttime="20230609 15:01:43.194" endtime="20230609 15:01:43.913"/>
</kw>
<kw name="Back to login" type="TEARDOWN">
<kw name="Go To" library="SeleniumLibrary">
<arg>https://demo-login-workshop.vercel.app/</arg>
<doc>Navigates the current browser window to the provided ``url``.</doc>
<msg timestamp="20230609 15:01:43.913" level="INFO">Opening url 'https://demo-login-workshop.vercel.app/'</msg>
<status status="PASS" starttime="20230609 15:01:43.913" endtime="20230609 15:01:43.982"/>
</kw>
<status status="PASS" starttime="20230609 15:01:43.913" endtime="20230609 15:01:43.982"/>
</kw>
<status status="PASS" starttime="20230609 15:01:43.194" endtime="20230609 15:01:43.982"/>
</test>
<test id="s1-t3" name="Wrong username and password" line="14">
<kw name="Template for login failed">
<arg>demo2</arg>
<arg>mode2</arg>
<kw name="Input user=${username} and password=${password}" sourcename="Input user=${username} and password=${password}">
<kw name="Input Text" library="SeleniumLibrary">
<arg>id:username_field</arg>
<arg>${username}</arg>
<doc>Types the given ``text`` into the text field identified by ``locator``.</doc>
<msg timestamp="20230609 15:01:43.982" level="INFO">Typing text 'demo2' into text field 'id:username_field'.</msg>
<status status="PASS" starttime="20230609 15:01:43.982" endtime="20230609 15:01:44.164"/>
</kw>
<kw name="Input Text" library="SeleniumLibrary">
<arg>id:password_field</arg>
<arg>${password}</arg>
<doc>Types the given ``text`` into the text field identified by ``locator``.</doc>
<msg timestamp="20230609 15:01:44.164" level="INFO">Typing text 'mode2' into text field 'id:password_field'.</msg>
<status status="PASS" starttime="20230609 15:01:44.164" endtime="20230609 15:01:44.347"/>
</kw>
<kw name="Click Element" library="SeleniumLibrary">
<arg>id:login_button</arg>
<doc>Click the element identified by ``locator``.</doc>
<msg timestamp="20230609 15:01:44.347" level="INFO">Clicking element 'id:login_button'.</msg>
<status status="PASS" starttime="20230609 15:01:44.347" endtime="20230609 15:01:44.501"/>
</kw>
<status status="PASS" starttime="20230609 15:01:43.982" endtime="20230609 15:01:44.501"/>
</kw>
<kw name="Login result fail and show error">
<kw name="Wait Until Element Contains" library="SeleniumLibrary">
<arg>xpath://*[@id="container"]/h1</arg>
<arg>Error Page</arg>
<doc>Waits until the element ``locator`` contains ``text``.</doc>
<status status="PASS" starttime="20230609 15:01:44.501" endtime="20230609 15:01:44.602"/>
</kw>
<kw name="Element Should Contain" library="SeleniumLibrary">
<arg>xpath://*[@id="container"]/p</arg>
<arg>Login failed. Invalid user name and/or password.</arg>
<doc>Verifies that element ``locator`` contains text ``expected``.</doc>
<msg timestamp="20230609 15:01:44.702" level="INFO">Element 'xpath://*[@id="container"]/p' contains text 'Login failed. Invalid user name and/or password.'.</msg>
<status status="PASS" starttime="20230609 15:01:44.602" endtime="20230609 15:01:44.702"/>
</kw>
<status status="PASS" starttime="20230609 15:01:44.501" endtime="20230609 15:01:44.702"/>
</kw>
<status status="PASS" starttime="20230609 15:01:43.982" endtime="20230609 15:01:44.702"/>
</kw>
<kw name="Back to login" type="TEARDOWN">
<kw name="Go To" library="SeleniumLibrary">
<arg>https://demo-login-workshop.vercel.app/</arg>
<doc>Navigates the current browser window to the provided ``url``.</doc>
<msg timestamp="20230609 15:01:44.702" level="INFO">Opening url 'https://demo-login-workshop.vercel.app/'</msg>
<status status="PASS" starttime="20230609 15:01:44.702" endtime="20230609 15:01:44.787"/>
</kw>
<status status="PASS" starttime="20230609 15:01:44.702" endtime="20230609 15:01:44.787"/>
</kw>
<status status="PASS" starttime="20230609 15:01:43.982" endtime="20230609 15:01:44.787"/>
</test>
<test id="s1-t4" name="Empty username" line="15">
<kw name="Template for login failed">
<arg>${EMPTY}</arg>
<arg>mode</arg>
<kw name="Input user=${username} and password=${password}" sourcename="Input user=${username} and password=${password}">
<kw name="Input Text" library="SeleniumLibrary">
<arg>id:username_field</arg>
<arg>${username}</arg>
<doc>Types the given ``text`` into the text field identified by ``locator``.</doc>
<msg timestamp="20230609 15:01:44.790" level="INFO">Typing text '' into text field 'id:username_field'.</msg>
<status status="PASS" starttime="20230609 15:01:44.790" endtime="20230609 15:01:44.966"/>
</kw>
<kw name="Input Text" library="SeleniumLibrary">
<arg>id:password_field</arg>
<arg>${password}</arg>
<doc>Types the given ``text`` into the text field identified by ``locator``.</doc>
<msg timestamp="20230609 15:01:44.966" level="INFO">Typing text 'mode' into text field 'id:password_field'.</msg>
<status status="PASS" starttime="20230609 15:01:44.966" endtime="20230609 15:01:45.183"/>
</kw>
<kw name="Click Element" library="SeleniumLibrary">
<arg>id:login_button</arg>
<doc>Click the element identified by ``locator``.</doc>
<msg timestamp="20230609 15:01:45.189" level="INFO">Clicking element 'id:login_button'.</msg>
<status status="PASS" starttime="20230609 15:01:45.189" endtime="20230609 15:01:45.384"/>
</kw>
<status status="PASS" starttime="20230609 15:01:44.790" endtime="20230609 15:01:45.384"/>
</kw>
<kw name="Login result fail and show error">
<kw name="Wait Until Element Contains" library="SeleniumLibrary">
<arg>xpath://*[@id="container"]/h1</arg>
<arg>Error Page</arg>
<doc>Waits until the element ``locator`` contains ``text``.</doc>
<status status="PASS" starttime="20230609 15:01:45.384" endtime="20230609 15:01:45.491"/>
</kw>
<kw name="Element Should Contain" library="SeleniumLibrary">
<arg>xpath://*[@id="container"]/p</arg>
<arg>Login failed. Invalid user name and/or password.</arg>
<doc>Verifies that element ``locator`` contains text ``expected``.</doc>
<msg timestamp="20230609 15:01:45.610" level="INFO">Element 'xpath://*[@id="container"]/p' contains text 'Login failed. Invalid user name and/or password.'.</msg>
<status status="PASS" starttime="20230609 15:01:45.491" endtime="20230609 15:01:45.610"/>
</kw>
<status status="PASS" starttime="20230609 15:01:45.384" endtime="20230609 15:01:45.610"/>
</kw>
<status status="PASS" starttime="20230609 15:01:44.790" endtime="20230609 15:01:45.610"/>
</kw>
<kw name="Back to login" type="TEARDOWN">
<kw name="Go To" library="SeleniumLibrary">
<arg>https://demo-login-workshop.vercel.app/</arg>
<doc>Navigates the current browser window to the provided ``url``.</doc>
<msg timestamp="20230609 15:01:45.614" level="INFO">Opening url 'https://demo-login-workshop.vercel.app/'</msg>
<status status="PASS" starttime="20230609 15:01:45.614" endtime="20230609 15:01:45.708"/>
</kw>
<status status="PASS" starttime="20230609 15:01:45.610" endtime="20230609 15:01:45.708"/>
</kw>
<status status="PASS" starttime="20230609 15:01:44.790" endtime="20230609 15:01:45.708"/>
</test>
<test id="s1-t5" name="Empty password" line="16">
<kw name="Template for login failed">
<arg>demo</arg>
<arg>${EMPTY}</arg>
<kw name="Input user=${username} and password=${password}" sourcename="Input user=${username} and password=${password}">
<kw name="Input Text" library="SeleniumLibrary">
<arg>id:username_field</arg>
<arg>${username}</arg>
<doc>Types the given ``text`` into the text field identified by ``locator``.</doc>
<msg timestamp="20230609 15:01:45.708" level="INFO">Typing text 'demo' into text field 'id:username_field'.</msg>
<status status="PASS" starttime="20230609 15:01:45.708" endtime="20230609 15:01:45.925"/>
</kw>
<kw name="Input Text" library="SeleniumLibrary">
<arg>id:password_field</arg>
<arg>${password}</arg>
<doc>Types the given ``text`` into the text field identified by ``locator``.</doc>
<msg timestamp="20230609 15:01:45.925" level="INFO">Typing text '' into text field 'id:password_field'.</msg>
<status status="PASS" starttime="20230609 15:01:45.925" endtime="20230609 15:01:46.126"/>
</kw>
<kw name="Click Element" library="SeleniumLibrary">
<arg>id:login_button</arg>
<doc>Click the element identified by ``locator``.</doc>
<msg timestamp="20230609 15:01:46.126" level="INFO">Clicking element 'id:login_button'.</msg>
<status status="PASS" starttime="20230609 15:01:46.126" endtime="20230609 15:01:46.289"/>
</kw>
<status status="PASS" starttime="20230609 15:01:45.708" endtime="20230609 15:01:46.289"/>
</kw>
<kw name="Login result fail and show error">
<kw name="Wait Until Element Contains" library="SeleniumLibrary">
<arg>xpath://*[@id="container"]/h1</arg>
<arg>Error Page</arg>
<doc>Waits until the element ``locator`` contains ``text``.</doc>
<status status="PASS" starttime="20230609 15:01:46.289" endtime="20230609 15:01:46.396"/>
</kw>
<kw name="Element Should Contain" library="SeleniumLibrary">
<arg>xpath://*[@id="container"]/p</arg>
<arg>Login failed. Invalid user name and/or password.</arg>
<doc>Verifies that element ``locator`` contains text ``expected``.</doc>
<msg timestamp="20230609 15:01:46.513" level="INFO">Element 'xpath://*[@id="container"]/p' contains text 'Login failed. Invalid user name and/or password.'.</msg>
<status status="PASS" starttime="20230609 15:01:46.396" endtime="20230609 15:01:46.513"/>
</kw>
<status status="PASS" starttime="20230609 15:01:46.289" endtime="20230609 15:01:46.513"/>
</kw>
<status status="PASS" starttime="20230609 15:01:45.708" endtime="20230609 15:01:46.513"/>
</kw>
<kw name="Back to login" type="TEARDOWN">
<kw name="Go To" library="SeleniumLibrary">
<arg>https://demo-login-workshop.vercel.app/</arg>
<doc>Navigates the current browser window to the provided ``url``.</doc>
<msg timestamp="20230609 15:01:46.528" level="INFO">Opening url 'https://demo-login-workshop.vercel.app/'</msg>
<status status="PASS" starttime="20230609 15:01:46.528" endtime="20230609 15:01:46.598"/>
</kw>
<status status="PASS" starttime="20230609 15:01:46.513" endtime="20230609 15:01:46.598"/>
</kw>
<status status="PASS" starttime="20230609 15:01:45.708" endtime="20230609 15:01:46.598"/>
</test>
<kw name="Close Browser" library="SeleniumLibrary" type="TEARDOWN">
<doc>Closes the current browser.</doc>
<status status="PASS" starttime="20230609 15:01:46.598" endtime="20230609 15:01:46.701"/>
</kw>
<status status="PASS" starttime="20230609 15:01:41.332" endtime="20230609 15:01:46.701"/>
</suite>
<statistics>
<total>
<stat pass="5" fail="0" skip="0">All Tests</stat>
</total>
<tag>
</tag>
<suite>
<stat pass="5" fail="0" skip="0" id="s1" name="Login Fail 3">Login Fail 3</stat>
</suite>
</statistics>
<errors>
</errors>
</robot>
